c:\users\danil\documents\miet\tayak\lab1tayak\lab1tayak\debug\vc142.pdb
c:\users\danil\documents\miet\tayak\lab1tayak\lab1tayak\debug\vc142.idb
c:\users\danil\documents\miet\tayak\lab1tayak\lab1tayak\debug\string.obj
c:\users\danil\documents\miet\tayak\lab1tayak\lab1tayak\debug\lab1tayak.obj
c:\users\danil\documents\miet\tayak\lab1tayak\lab1tayak\debug\tokenizer.obj
c:\users\danil\source\repos\lab1tayak\debug\lab1tayak.exe
c:\users\danil\source\repos\lab1tayak\debug\lab1tayak.ilk
c:\users\danil\source\repos\lab1tayak\debug\lab1tayak.pdb
c:\users\danil\documents\miet\tayak\lab1tayak\debug\lab1tayak.pdb
c:\users\danil\documents\miet\tayak\lab1tayak\lab1tayak\debug\lab1tayak.tlog\cl.command.1.tlog
c:\users\danil\documents\miet\tayak\lab1tayak\lab1tayak\debug\lab1tayak.tlog\cl.read.1.tlog
c:\users\danil\documents\miet\tayak\lab1tayak\lab1tayak\debug\lab1tayak.tlog\cl.write.1.tlog
c:\users\danil\documents\miet\tayak\lab1tayak\lab1tayak\debug\lab1tayak.tlog\link-cvtres.read.1.tlog
c:\users\danil\documents\miet\tayak\lab1tayak\lab1tayak\debug\lab1tayak.tlog\link-cvtres.write.1.tlog
c:\users\danil\documents\miet\tayak\lab1tayak\lab1tayak\debug\lab1tayak.tlog\link-rc.read.1.tlog
c:\users\danil\documents\miet\tayak\lab1tayak\lab1tayak\debug\lab1tayak.tlog\link-rc.write.1.tlog
c:\users\danil\documents\miet\tayak\lab1tayak\lab1tayak\debug\lab1tayak.tlog\link.14644-cvtres.read.1.tlog
c:\users\danil\documents\miet\tayak\lab1tayak\lab1tayak\debug\lab1tayak.tlog\link.14644-cvtres.write.1.tlog
c:\users\danil\documents\miet\tayak\lab1tayak\lab1tayak\debug\lab1tayak.tlog\link.14644-rc.read.1.tlog
c:\users\danil\documents\miet\tayak\lab1tayak\lab1tayak\debug\lab1tayak.tlog\link.14644-rc.write.1.tlog
c:\users\danil\documents\miet\tayak\lab1tayak\lab1tayak\debug\lab1tayak.tlog\link.14644.read.1.tlog
c:\users\danil\documents\miet\tayak\lab1tayak\lab1tayak\debug\lab1tayak.tlog\link.14644.write.1.tlog
c:\users\danil\documents\miet\tayak\lab1tayak\lab1tayak\debug\lab1tayak.tlog\link.command.1.tlog
c:\users\danil\documents\miet\tayak\lab1tayak\lab1tayak\debug\lab1tayak.tlog\link.read.1.tlog
c:\users\danil\documents\miet\tayak\lab1tayak\lab1tayak\debug\lab1tayak.tlog\link.write.1.tlog
